<?xml version="1.0" encoding="UTF-8"?>
<testsuite xmlns:xsi="http://www.w3.org/2001/XMLSchema-instance" xsi:noNamespaceSchemaLocation="https://maven.apache.org/surefire/maven-failsafe-plugin/xsd/failsafe-test-report.xsd" name="TestSuite" time="5.926" tests="7" errors="0" skipped="0" failures="0">
  <properties>
[...]
</properties>
  <testcase name="googleCheeseExample2" classname="com.guda.ui.google_test.tests.GoogleExampleIT" time="4.599"/>
  <testcase name="googleCheeseExample3" classname="com.guda.ui.google_test.tests.GoogleExampleIT" time="4.634"/>
  <testcase name="googleCheeseExample6" classname="com.guda.ui.google_test.tests.GoogleExampleIT" time="4.856"/>
  <testcase name="googleCheeseExample5" classname="com.guda.ui.google_test.tests.GoogleExampleIT" time="5.05"/>
  <testcase name="googleCheeseExample" classname="com.guda.ui.google_test.tests.GoogleExampleIT" time="5.051"/>
  <testcase name="googleCheeseExample4" classname="com.guda.ui.google_test.tests.GoogleExampleIT" time="5.127"/>
  <testcase name="googleMilkExample" classname="com.guda.ui.google_test.tests.GoogleExampleIT" time="5.154"/>
</testsuite>