<?xml version="1.0" encoding="UTF-8"?>
<testng-results skipped="0" failed="0" ignored="0" total="7" passed="7">
  <reporter-output>
  </reporter-output>
  <suite name="Test Suite" duration-ms="5266" started-at="2018-12-09T09:56:54Z" finished-at="2018-12-09T09:57:00Z">
    <groups>
    </groups>
    <test name="Test Suite" duration-ms="5266" started-at="2018-12-09T09:56:54Z" finished-at="2018-12-09T09:57:00Z">
      <class name="com.guda.ui.google_test.tests.GoogleExampleIT">
        <test-method status="PASS" signature="instantiateDriverObject()[pri:0, instance:com.guda.ui.google_test.tests.GoogleExampleIT@5cc7c2a6]" name="instantiateDriverObject" is-config="true" duration-ms="6" started-at="2018-12-09T09:56:54Z" finished-at="2018-12-09T09:56:54Z">
          <reporter-output>
          </reporter-output>
        </test-method> <!-- instantiateDriverObject -->
        <test-method status="PASS" signature="googleCheeseExample5()[pri:0, instance:com.guda.ui.google_test.tests.GoogleExampleIT@5cc7c2a6]" name="googleCheeseExample5" duration-ms="5051" started-at="2018-12-09T09:56:54Z" finished-at="2018-12-09T09:56:59Z">
          <reporter-output>
          </reporter-output>
        </test-method> <!-- googleCheeseExample5 -->
        <test-method status="PASS" signature="googleCheeseExample6()[pri:0, instance:com.guda.ui.google_test.tests.GoogleExampleIT@5cc7c2a6]" name="googleCheeseExample6" duration-ms="4856" started-at="2018-12-09T09:56:54Z" finished-at="2018-12-09T09:56:59Z">
          <reporter-output>
          </reporter-output>
        </test-method> <!-- googleCheeseExample6 -->
        <test-method status="PASS" signature="googleCheeseExample()[pri:0, instance:com.guda.ui.google_test.tests.GoogleExampleIT@5cc7c2a6]" name="googleCheeseExample" duration-ms="5052" started-at="2018-12-09T09:56:54Z" finished-at="2018-12-09T09:56:59Z">
          <reporter-output>
          </reporter-output>
        </test-method> <!-- googleCheeseExample -->
        <test-method status="PASS" signature="googleCheeseExample2()[pri:0, instance:com.guda.ui.google_test.tests.GoogleExampleIT@5cc7c2a6]" name="googleCheeseExample2" duration-ms="4598" started-at="2018-12-09T09:56:54Z" finished-at="2018-12-09T09:56:59Z">
          <reporter-output>
          </reporter-output>
        </test-method> <!-- googleCheeseExample2 -->
        <test-method status="PASS" signature="googleCheeseExample3()[pri:0, instance:com.guda.ui.google_test.tests.GoogleExampleIT@5cc7c2a6]" name="googleCheeseExample3" duration-ms="4634" started-at="2018-12-09T09:56:54Z" finished-at="2018-12-09T09:56:59Z">
          <reporter-output>
          </reporter-output>
        </test-method> <!-- googleCheeseExample3 -->
        <test-method status="PASS" signature="googleCheeseExample4()[pri:0, instance:com.guda.ui.google_test.tests.GoogleExampleIT@5cc7c2a6]" name="googleCheeseExample4" duration-ms="5127" started-at="2018-12-09T09:56:54Z" finished-at="2018-12-09T09:56:59Z">
          <reporter-output>
          </reporter-output>
        </test-method> <!-- googleCheeseExample4 -->
        <test-method status="PASS" signature="googleMilkExample()[pri:0, instance:com.guda.ui.google_test.tests.GoogleExampleIT@5cc7c2a6]" name="googleMilkExample" duration-ms="5154" started-at="2018-12-09T09:56:54Z" finished-at="2018-12-09T09:56:59Z">
          <reporter-output>
          </reporter-output>
        </test-method> <!-- googleMilkExample -->
        <test-method status="PASS" signature="clearCookies()[pri:0, instance:com.guda.ui.google_test.tests.GoogleExampleIT@5cc7c2a6]" name="clearCookies" is-config="true" duration-ms="116" started-at="2018-12-09T09:56:59Z" finished-at="2018-12-09T09:56:59Z">
          <reporter-output>
          </reporter-output>
        </test-method> <!-- clearCookies -->
        <test-method status="PASS" signature="clearCookies()[pri:0, instance:com.guda.ui.google_test.tests.GoogleExampleIT@5cc7c2a6]" name="clearCookies" is-config="true" duration-ms="115" started-at="2018-12-09T09:56:59Z" finished-at="2018-12-09T09:56:59Z">
          <reporter-output>
          </reporter-output>
        </test-method> <!-- clearCookies -->
        <test-method status="PASS" signature="clearCookies()[pri:0, instance:com.guda.ui.google_test.tests.GoogleExampleIT@5cc7c2a6]" name="clearCookies" is-config="true" duration-ms="78" started-at="2018-12-09T09:56:59Z" finished-at="2018-12-09T09:56:59Z">
          <reporter-output>
          </reporter-output>
        </test-method> <!-- clearCookies -->
        <test-method status="PASS" signature="clearCookies()[pri:0, instance:com.guda.ui.google_test.tests.GoogleExampleIT@5cc7c2a6]" name="clearCookies" is-config="true" duration-ms="118" started-at="2018-12-09T09:56:59Z" finished-at="2018-12-09T09:56:59Z">
          <reporter-output>
          </reporter-output>
        </test-method> <!-- clearCookies -->
        <test-method status="PASS" signature="clearCookies()[pri:0, instance:com.guda.ui.google_test.tests.GoogleExampleIT@5cc7c2a6]" name="clearCookies" is-config="true" duration-ms="110" started-at="2018-12-09T09:56:59Z" finished-at="2018-12-09T09:56:59Z">
          <reporter-output>
          </reporter-output>
        </test-method> <!-- clearCookies -->
        <test-method status="PASS" signature="clearCookies()[pri:0, instance:com.guda.ui.google_test.tests.GoogleExampleIT@5cc7c2a6]" name="clearCookies" is-config="true" duration-ms="109" started-at="2018-12-09T09:56:59Z" finished-at="2018-12-09T09:57:00Z">
          <reporter-output>
          </reporter-output>
        </test-method> <!-- clearCookies -->
        <test-method status="PASS" signature="clearCookies()[pri:0, instance:com.guda.ui.google_test.tests.GoogleExampleIT@5cc7c2a6]" name="clearCookies" is-config="true" duration-ms="99" started-at="2018-12-09T09:56:59Z" finished-at="2018-12-09T09:57:00Z">
          <reporter-output>
          </reporter-output>
        </test-method> <!-- clearCookies -->
        <test-method status="PASS" signature="closeDriverObjects()[pri:0, instance:com.guda.ui.google_test.tests.GoogleExampleIT@5cc7c2a6]" name="closeDriverObjects" is-config="true" duration-ms="459" started-at="2018-12-09T09:57:00Z" finished-at="2018-12-09T09:57:00Z">
          <reporter-output>
          </reporter-output>
        </test-method> <!-- closeDriverObjects -->
      </class> <!-- com.guda.ui.google_test.tests.GoogleExampleIT -->
    </test> <!-- Test Suite -->
  </suite> <!-- Test Suite -->
</testng-results>
