<?xml version="1.0" encoding="UTF-8"?>
<!-- Generated by org.testng.reporters.JUnitXMLReporter -->
<testsuite hostname="guda-socex" ignored="0" name="Test Suite" tests="7" failures="0" timestamp="09 Dec 2018 09:57:00 GMT" time="5.266" errors="0">
  <testcase name="googleCheeseExample2" time="4.598" classname="com.guda.ui.google_test.tests.GoogleExampleIT"/>
  <testcase name="googleCheeseExample3" time="4.634" classname="com.guda.ui.google_test.tests.GoogleExampleIT"/>
  <testcase name="googleCheeseExample6" time="4.856" classname="com.guda.ui.google_test.tests.GoogleExampleIT"/>
  <testcase name="googleCheeseExample5" time="5.051" classname="com.guda.ui.google_test.tests.GoogleExampleIT"/>
  <testcase name="googleCheeseExample" time="5.052" classname="com.guda.ui.google_test.tests.GoogleExampleIT"/>
  <testcase name="googleCheeseExample4" time="5.127" classname="com.guda.ui.google_test.tests.GoogleExampleIT"/>
  <testcase name="googleMilkExample" time="5.154" classname="com.guda.ui.google_test.tests.GoogleExampleIT"/>
</testsuite> <!-- Test Suite -->
